Vivado Simulator 2015.4
Time resolution is 1 ps
0 samples correct

12 -> erro 1 -> 0

13 -> erro 2 -> 1

17 -> erro 1 -> 2

18 -> erro -1 -> 1

20 -> erro 0 -> -1

21 -> erro 1 -> 0

22 -> erro 2 -> 1

23 -> erro 4 -> 2

25 -> erro 3 -> 4

26 -> erro 2 -> 3

27 -> erro 1 -> 2

28 -> erro -1 -> 1

30 -> erro 0 -> -1

31 -> erro 1 -> 0

32 -> erro 2 -> 1

33 -> erro 4 -> 2

35 -> erro 3 -> 4

36 -> erro 2 -> 3

37 -> erro 1 -> 2

38 -> erro -1 -> 1

40 -> erro 0 -> -1

41 -> erro 1 -> 0

42 -> erro 2 -> 1

43 -> erro 4 -> 2

45 -> erro 3 -> 4

46 -> erro 2 -> 3

47 -> erro 1 -> 2

48 -> erro -1 -> 1

50 -> erro 0 -> -1

51 -> erro 1 -> 0

52 -> erro 2 -> 1

53 -> erro 4 -> 2

55 -> erro 3 -> 4

56 -> erro 2 -> 3

57 -> erro 1 -> 2

58 -> erro -1 -> 1

60 -> erro 0 -> -1

61 -> erro 1 -> 0

62 -> erro 2 -> 1

63 -> erro 4 -> 2

65 -> erro 3 -> 4

66 -> erro 2 -> 3

67 -> erro 1 -> 2

68 -> erro -1 -> 1

70 -> erro 0 -> -1

71 -> erro 1 -> 0

72 -> erro 2 -> 1

73 -> erro 4 -> 2

75 -> erro 2 -> 4

76 -> erro 0 -> 2

77 -> erro -2 -> 0

78 -> erro -4 -> -2

80 -> erro -2 -> -4

81 -> erro 0 -> -2

82 -> erro 3 -> 0

83 -> erro 6 -> 3

84 -> erro 8 -> 6

85 -> erro 7 -> 8

86 -> erro 6 -> 7

87 -> erro 3 -> 6

88 -> erro -1 -> 3

89 -> erro -4 -> -1

90 -> erro -5 -> -4

92 -> erro -2 -> -5

93 -> erro 3 -> -2

94 -> erro 7 -> 3

96 -> erro 6 -> 7

97 -> erro 3 -> 6

98 -> erro -1 -> 3

99 -> erro -3 -> -1

100 -> erro -2 -> -3

101 -> erro 0 -> -2

102 -> erro 2 -> 0

103 -> erro 5 -> 2

105 -> erro 3 -> 5

106 -> erro 1 -> 3

107 -> erro 0 -> 1

108 -> erro -3 -> 0

109 -> erro -4 -> -3

110 -> erro -3 -> -4

111 -> erro -1 -> -3

112 -> erro 0 -> -1

113 -> erro 4 -> 0

114 -> erro 7 -> 4

115 -> erro 8 -> 7

116 -> erro 7 -> 8

117 -> erro 6 -> 7

118 -> erro 1 -> 6

119 -> erro -3 -> 1

120 -> erro -5 -> -3

121 -> erro -4 -> -5

122 -> erro -3 -> -4

123 -> erro 1 -> -3

124 -> erro 4 -> 1

125 -> erro 5 -> 4

126 -> erro 4 -> 5

128 -> erro 2 -> 4

130 -> erro 3 -> 2

131 -> erro 5 -> 3

132 -> erro 4 -> 5

133 -> erro 5 -> 4

134 -> erro 4 -> 5

135 -> erro 3 -> 4

136 -> erro 1 -> 3

138 -> erro -2 -> 1

139 -> erro -3 -> -2

141 -> erro 0 -> -3

142 -> erro 3 -> 0

143 -> erro 10 -> 3

144 -> erro 14 -> 10

145 -> erro 15 -> 14

146 -> erro 11 -> 15

147 -> erro 7 -> 11

148 -> erro -1 -> 7

149 -> erro -5 -> -1

150 -> erro -6 -> -5

151 -> erro -3 -> -6

152 -> erro -1 -> -3

153 -> erro 4 -> -1

154 -> erro 6 -> 4

156 -> erro 4 -> 6

157 -> erro 5 -> 4

158 -> erro 3 -> 5

159 -> erro 4 -> 3

161 -> erro 6 -> 4

162 -> erro 4 -> 6

163 -> erro 6 -> 4

164 -> erro 5 -> 6

165 -> erro 4 -> 5

166 -> erro 0 -> 4

167 -> erro -1 -> 0

168 -> erro -6 -> -1

169 -> erro -7 -> -6

170 -> erro -6 -> -7

171 -> erro 1 -> -6

172 -> erro 6 -> 1

173 -> erro 15 -> 6

174 -> erro 18 -> 15

176 -> erro 10 -> 18

177 -> erro 5 -> 10

178 -> erro -4 -> 5

179 -> erro -6 -> -4

180 -> erro -7 -> -6

181 -> erro -2 -> -7

183 -> erro 1 -> -2

184 -> erro 0 -> 1

185 -> erro 2 -> 0

187 -> erro 7 -> 2

189 -> erro 9 -> 7

190 -> erro 7 -> 9

192 -> erro 3 -> 7

193 -> erro 5 -> 3

194 -> erro 4 -> 5

196 -> erro -1 -> 4

197 -> erro -4 -> -1

198 -> erro -11 -> -4

199 -> erro -12 -> -11

200 -> erro -9 -> -12

201 -> erro 1 -> -9

202 -> erro 9 -> 1

203 -> erro 19 -> 9

204 -> erro 21 -> 19

205 -> erro 19 -> 21

206 -> erro 11 -> 19

207 -> erro 6 -> 11

208 -> erro -1 -> 6

209 -> erro -3 -> -1

210 -> erro -6 -> -3

211 -> erro -7 -> -6

212 -> erro -14 -> -7

213 -> erro -15 -> -14

214 -> erro -14 -> -15

215 -> erro -6 -> -14

216 -> erro 2 -> -6

217 -> erro 15 -> 2

218 -> erro 20 -> 15

220 -> erro 12 -> 20

221 -> erro 7 -> 12

222 -> erro 0 -> 7

223 -> erro -2 -> 0

224 -> erro -4 -> -2

225 -> erro -6 -> -4

226 -> erro -14 -> -6

227 -> erro -19 -> -14

228 -> erro -22 -> -19

229 -> erro -19 -> -22

230 -> erro -11 -> -19

231 -> erro 3 -> -11

232 -> erro 12 -> 3

233 -> erro 17 -> 12

235 -> erro 16 -> 17

236 -> erro 12 -> 16

237 -> erro 13 -> 12

238 -> erro 11 -> 13

239 -> erro 4 -> 11

240 -> erro -12 -> 4

241 -> erro -28 -> -12

242 -> erro -44 -> -28

243 -> erro -47 -> -44

244 -> erro -35 -> -47

245 -> erro -11 -> -35

246 -> erro 11 -> -11

247 -> erro 29 -> 11

248 -> erro 34 -> 29

249 -> erro 31 -> 34

250 -> erro 24 -> 31

252 -> erro 22 -> 24

253 -> erro 17 -> 22

254 -> erro 1 -> 17

255 -> erro -25 -> 1

256 -> erro -56 -> -25

257 -> erro -73 -> -56

258 -> erro -69 -> -73

259 -> erro -44 -> -69

260 -> erro -10 -> -44

261 -> erro 22 -> -10

262 -> erro 37 -> 22

263 -> erro 43 -> 37

264 -> erro 51 -> 43

265 -> erro 74 -> 51

266 -> erro 103 -> 74

267 -> erro 121 -> 103

268 -> erro 89 -> 121

269 -> erro -9 -> 89

270 -> erro -161 -> -9

271 -> erro -305 -> -161

272 -> erro -373 -> -305

273 -> erro -297 -> -373

274 -> erro -74 -> -297

275 -> erro 237 -> -74

276 -> erro 509 -> 237

277 -> erro 625 -> 509

278 -> erro 503 -> 625

279 -> erro 170 -> 503

280 -> erro -264 -> 170

281 -> erro -622 -> -264

282 -> erro -766 -> -622

283 -> erro -618 -> -766

284 -> erro -235 -> -618

285 -> erro 247 -> -235

286 -> erro 631 -> 247

287 -> erro 782 -> 631

288 -> erro 635 -> 782

289 -> erro 259 -> 635

290 -> erro -206 -> 259

291 -> erro -574 -> -206

292 -> erro -724 -> -574

293 -> erro -596 -> -724

294 -> erro -254 -> -596

295 -> erro 180 -> -254

296 -> erro 530 -> 180

297 -> erro 679 -> 530

298 -> erro 564 -> 679

299 -> erro 237 -> 564

300 -> erro -184 -> 237

301 -> erro -530 -> -184

302 -> erro -677 -> -530

303 -> erro -559 -> -677

304 -> erro -221 -> -559

305 -> erro 214 -> -221

306 -> erro 569 -> 214

307 -> erro 714 -> 569

308 -> erro 584 -> 714

309 -> erro 228 -> 584

310 -> erro -225 -> 228

311 -> erro -592 -> -225

312 -> erro -737 -> -592

313 -> erro -600 -> -737

314 -> erro -236 -> -600

315 -> erro 221 -> -236

316 -> erro 589 -> 221

317 -> erro 734 -> 589

318 -> erro 600 -> 734

319 -> erro 242 -> 600

320 -> erro -206 -> 242

321 -> erro -567 -> -206

322 -> erro -711 -> -567

323 -> erro -581 -> -711

324 -> erro -233 -> -581

325 -> erro 205 -> -233

326 -> erro 556 -> 205

327 -> erro 694 -> 556

328 -> erro 560 -> 694

329 -> erro 211 -> 560

330 -> erro -225 -> 211

331 -> erro -571 -> -225

332 -> erro -701 -> -571

333 -> erro -559 -> -701

334 -> erro -203 -> -559

335 -> erro 236 -> -203

336 -> erro 581 -> 236

337 -> erro 709 -> 581

338 -> erro 565 -> 709

339 -> erro 206 -> 565

340 -> erro -238 -> 206

341 -> erro -592 -> -238

342 -> erro -730 -> -592

343 -> erro -595 -> -730

344 -> erro -238 -> -595

345 -> erro 212 -> -238

346 -> erro 578 -> 212

347 -> erro 726 -> 578

348 -> erro 597 -> 726

349 -> erro 238 -> 597

350 -> erro -217 -> 238

351 -> erro -587 -> -217

352 -> erro -734 -> -587

353 -> erro -598 -> -734

354 -> erro -232 -> -598

355 -> erro 227 -> -232

356 -> erro 592 -> 227

357 -> erro 725 -> 592

358 -> erro 574 -> 725

359 -> erro 197 -> 574

360 -> erro -259 -> 197

361 -> erro -614 -> -259

362 -> erro -731 -> -614

363 -> erro -568 -> -731

364 -> erro -186 -> -568

365 -> erro 268 -> -186

366 -> erro 616 -> 268

367 -> erro 728 -> 616

368 -> erro 564 -> 728

369 -> erro 185 -> 564

370 -> erro -266 -> 185

371 -> erro -617 -> -266

372 -> erro -736 -> -617

373 -> erro -582 -> -736

374 -> erro -209 -> -582

375 -> erro 241 -> -209

376 -> erro 598 -> 241

377 -> erro 724 -> 598

378 -> erro 575 -> 724

379 -> erro 202 -> 575

380 -> erro -249 -> 202

381 -> erro -605 -> -249

382 -> erro -726 -> -605

383 -> erro -568 -> -726

384 -> erro -189 -> -568

385 -> erro 261 -> -189

386 -> erro 607 -> 261

387 -> erro 716 -> 607

388 -> erro 550 -> 716

389 -> erro 169 -> 550

390 -> erro -277 -> 169

391 -> erro -617 -> -277

392 -> erro -721 -> -617

393 -> erro -556 -> -721

394 -> erro -178 -> -556

395 -> erro 266 -> -178

396 -> erro 609 -> 266

397 -> erro 721 -> 609

398 -> erro 563 -> 721

399 -> erro 189 -> 563

400 -> erro -258 -> 189

401 -> erro -607 -> -258

402 -> erro -725 -> -607

403 -> erro -571 -> -725

404 -> erro -198 -> -571

405 -> erro 246 -> -198

406 -> erro 590 -> 246

407 -> erro 700 -> 590

408 -> erro 539 -> 700

409 -> erro 165 -> 539

410 -> erro -268 -> 165

411 -> erro -592 -> -268

412 -> erro -680 -> -592

413 -> erro -506 -> -680

414 -> erro -132 -> -506

415 -> erro 288 -> -132

416 -> erro 595 -> 288

417 -> erro 671 -> 595

418 -> erro 495 -> 671

419 -> erro 123 -> 495

420 -> erro -298 -> 123

421 -> erro -614 -> -298

422 -> erro -704 -> -614

423 -> erro -537 -> -704

424 -> erro -163 -> -537

425 -> erro 278 -> -163

426 -> erro 623 -> 278

427 -> erro 740 -> 623

428 -> erro 585 -> 740

429 -> erro 207 -> 585

430 -> erro -249 -> 207

431 -> erro -610 -> -249

432 -> erro -736 -> -610

433 -> erro -584 -> -736

434 -> erro -208 -> -584

435 -> erro 237 -> -208

436 -> erro 580 -> 237

437 -> erro 685 -> 580

438 -> erro 525 -> 685

439 -> erro 162 -> 525

440 -> erro -249 -> 162

441 -> erro -550 -> -249

442 -> erro -624 -> -550

443 -> erro -455 -> -624

444 -> erro -105 -> -455

445 -> erro 287 -> -105

446 -> erro 576 -> 287

447 -> erro 648 -> 576

448 -> erro 479 -> 648

449 -> erro 115 -> 479

450 -> erro -310 -> 115

451 -> erro -646 -> -310

452 -> erro -754 -> -646

453 -> erro -587 -> -754

454 -> erro -185 -> -587

455 -> erro 310 -> -185

456 -> erro 713 -> 310

457 -> erro 862 -> 713

458 -> erro 694 -> 862

459 -> erro 270 -> 694

460 -> erro -243 -> 270

461 -> erro -647 -> -243

462 -> erro -789 -> -647

463 -> erro -637 -> -789

464 -> erro -276 -> -637

465 -> erro 123 -> -276

466 -> erro 401 -> 123

467 -> erro 471 -> 401

468 -> erro 366 -> 471

469 -> erro 186 -> 366

470 -> erro 50 -> 186

471 -> erro 9 -> 50

472 -> erro 43 -> 9

473 -> erro 61 -> 43

474 -> erro -13 -> 61

475 -> erro -196 -> -13

476 -> erro -411 -> -196

477 -> erro -538 -> -411

478 -> erro -463 -> -538

479 -> erro -167 -> -463

480 -> erro 263 -> -167

481 -> erro 650 -> 263

482 -> erro 828 -> 650

483 -> erro 698 -> 828

484 -> erro 296 -> 698

485 -> erro -232 -> 296

486 -> erro -674 -> -232

487 -> erro -867 -> -674

488 -> erro -738 -> -867

489 -> erro -350 -> -738

490 -> erro 149 -> -350

491 -> erro 564 -> 149

492 -> erro 756 -> 564

493 -> erro 664 -> 756

494 -> erro 343 -> 664

495 -> erro -89 -> 343

496 -> erro -465 -> -89

497 -> erro -657 -> -465

498 -> erro -594 -> -657

499 -> erro -313 -> -594

500 -> erro 85 -> -313

501 -> erro 443 -> 85

502 -> erro 631 -> 443

503 -> erro 564 -> 631

504 -> erro 272 -> 564

505 -> erro -142 -> 272

506 -> erro -508 -> -142

507 -> erro -689 -> -508

508 -> erro -598 -> -689

509 -> erro -273 -> -598

510 -> erro 170 -> -273

511 -> erro 550 -> 170

512 -> erro 726 -> 550

513 -> erro 620 -> 726

514 -> erro 280 -> 620

515 -> erro -171 -> 280

516 -> erro -553 -> -171

517 -> erro -731 -> -553

518 -> erro -632 -> -731

519 -> erro -307 -> -632

520 -> erro 125 -> -307

521 -> erro 493 -> 125

522 -> erro 674 -> 493

523 -> erro 594 -> 674

524 -> erro 300 -> 594

525 -> erro -105 -> 300

526 -> erro -453 -> -105

527 -> erro -629 -> -453

528 -> erro -554 -> -629

529 -> erro -274 -> -554

530 -> erro 114 -> -274

531 -> erro 446 -> 114

532 -> erro 613 -> 446

533 -> erro 533 -> 613

534 -> erro 250 -> 533

535 -> erro -140 -> 250

536 -> erro -468 -> -140

537 -> erro -628 -> -468

538 -> erro -542 -> -628

539 -> erro -250 -> -542

540 -> erro 151 -> -250

541 -> erro 494 -> 151

542 -> erro 663 -> 494

543 -> erro 584 -> 663

544 -> erro 288 -> 584

545 -> erro -127 -> 288

546 -> erro -492 -> -127

547 -> erro -681 -> -492

548 -> erro -615 -> -681

549 -> erro -318 -> -615

550 -> erro 109 -> -318

551 -> erro 492 -> 109

552 -> erro 692 -> 492

553 -> erro 626 -> 692

554 -> erro 322 -> 626

555 -> erro -111 -> 322

556 -> erro -491 -> -111

557 -> erro -676 -> -491

558 -> erro -592 -> -676

559 -> erro -274 -> -592

560 -> erro 157 -> -274

561 -> erro 522 -> 157

562 -> erro 679 -> 522

563 -> erro 568 -> 679

564 -> erro 234 -> 568

565 -> erro -194 -> 234

566 -> erro -542 -> -194

567 -> erro -680 -> -542

568 -> erro -555 -> -680

569 -> erro -216 -> -555

570 -> erro 212 -> -216

571 -> erro 561 -> 212

572 -> erro 700 -> 561

573 -> erro 582 -> 700

574 -> erro 249 -> 582

575 -> erro -178 -> 249

576 -> erro -537 -> -178

577 -> erro -699 -> -537

578 -> erro -600 -> -699

579 -> erro -281 -> -600

580 -> erro 148 -> -281

581 -> erro 518 -> 148

582 -> erro 700 -> 518

583 -> erro 616 -> 700

584 -> erro 304 -> 616

585 -> erro -127 -> 304

586 -> erro -500 -> -127

587 -> erro -680 -> -500

588 -> erro -589 -> -680

589 -> erro -270 -> -589

590 -> erro 159 -> -270

591 -> erro 519 -> 159

592 -> erro 679 -> 519

593 -> erro 570 -> 679

594 -> erro 240 -> 570

595 -> erro -189 -> 240

596 -> erro -541 -> -189

597 -> erro -686 -> -541

598 -> erro -562 -> -686

599 -> erro -220 -> -562

600 -> erro 211 -> -220

601 -> erro 562 -> 211

602 -> erro 704 -> 562

603 -> erro 581 -> 704

604 -> erro 239 -> 581

605 -> erro -195 -> 239

606 -> erro -554 -> -195

607 -> erro -705 -> -554

608 -> erro -593 -> -705

609 -> erro -258 -> -593

610 -> erro 171 -> -258

611 -> erro 533 -> 171

612 -> erro 693 -> 533

613 -> erro 591 -> 693

614 -> erro 267 -> 591

615 -> erro -158 -> 267

616 -> erro -519 -> -158

617 -> erro -678 -> -519

618 -> erro -575 -> -678

619 -> erro -250 -> -575

620 -> erro 169 -> -250

621 -> erro 522 -> 169

622 -> erro 668 -> 522

623 -> erro 552 -> 668

624 -> erro 218 -> 552

625 -> erro -201 -> 218

626 -> erro -548 -> -201

627 -> erro -689 -> -548

628 -> erro -573 -> -689

629 -> erro -238 -> -573

630 -> erro 186 -> -238

631 -> erro 547 -> 186

632 -> erro 701 -> 547

633 -> erro 598 -> 701

634 -> erro 264 -> 598

635 -> erro -167 -> 264

636 -> erro -547 -> -167

637 -> erro -722 -> -547

638 -> erro -634 -> -722

639 -> erro -305 -> -634

640 -> erro 138 -> -305

641 -> erro 532 -> 138

642 -> erro 719 -> 532

643 -> erro 633 -> 719

644 -> erro 299 -> 633

645 -> erro -147 -> 299

646 -> erro -542 -> -147

647 -> erro -721 -> -542

648 -> erro -621 -> -721

649 -> erro -275 -> -621

650 -> erro 176 -> -275

651 -> erro 561 -> 176

652 -> erro 723 -> 561

653 -> erro 602 -> 723

654 -> erro 238 -> 602

655 -> erro -217 -> 238

656 -> erro -594 -> -217

657 -> erro -747 -> -594

658 -> erro -620 -> -747

659 -> erro -249 -> -620

660 -> erro 221 -> -249

661 -> erro 614 -> 221

662 -> erro 782 -> 614

663 -> erro 665 -> 782

664 -> erro 294 -> 665

665 -> erro -193 -> 294

666 -> erro -609 -> -193

667 -> erro -792 -> -609

668 -> erro -673 -> -792

669 -> erro -297 -> -673

670 -> erro 192 -> -297

671 -> erro 596 -> 192

672 -> erro 763 -> 596

673 -> erro 624 -> 763

674 -> erro 246 -> 624

675 -> erro -222 -> 246

676 -> erro -582 -> -222

677 -> erro -697 -> -582

678 -> erro -526 -> -697

679 -> erro -146 -> -526

680 -> erro 285 -> -146

681 -> erro 593 -> 285

682 -> erro 660 -> 593

683 -> erro 462 -> 660

684 -> erro 79 -> 462

685 -> erro -347 -> 79

686 -> erro -650 -> -347

687 -> erro -717 -> -650

688 -> erro -514 -> -717

689 -> erro -107 -> -514

690 -> erro 367 -> -107

691 -> erro 730 -> 367

692 -> erro 844 -> 730

693 -> erro 644 -> 844

694 -> erro 195 -> 644

695 -> erro -355 -> 195

696 -> erro -788 -> -355

697 -> erro -937 -> -788

698 -> erro -729 -> -937

699 -> erro -250 -> -729

700 -> erro 314 -> -250

701 -> erro 733 -> 314

702 -> erro 849 -> 733

703 -> erro 632 -> 849

704 -> erro 202 -> 632

705 -> erro -242 -> 202

706 -> erro -515 -> -242

707 -> erro -536 -> -515

708 -> erro -346 -> -536

709 -> erro -79 -> -346

710 -> erro 116 -> -79

711 -> erro 164 -> 116

712 -> erro 86 -> 164

713 -> erro -22 -> 86

714 -> erro -60 -> -22

715 -> erro 23 -> -60

716 -> erro 186 -> 23

717 -> erro 320 -> 186

718 -> erro 329 -> 320

719 -> erro 166 -> 329

720 -> erro -116 -> 166

721 -> erro -408 -> -116

722 -> erro -562 -> -408

723 -> erro -510 -> -562

724 -> erro -247 -> -510

725 -> erro 130 -> -247

726 -> erro 488 -> 130

727 -> erro 676 -> 488

728 -> erro 634 -> 676

729 -> erro 364 -> 634

730 -> erro -41 -> 364

731 -> erro -448 -> -41

732 -> erro -702 -> -448

733 -> erro -718 -> -702

734 -> erro -483 -> -718

735 -> erro -77 -> -483

736 -> erro 363 -> -77

737 -> erro 668 -> 363

738 -> erro 733 -> 668

739 -> erro 535 -> 733

740 -> erro 159 -> 535

741 -> erro -250 -> 159

742 -> erro -536 -> -250

743 -> erro -614 -> -536

744 -> erro -483 -> -614

745 -> erro -227 -> -483

746 -> erro 45 -> -227

747 -> erro 242 -> 45

748 -> erro 338 -> 242

749 -> erro 344 -> 338

750 -> erro 307 -> 344

751 -> erro 243 -> 307

752 -> erro 147 -> 243

753 -> erro -11 -> 147

754 -> erro -221 -> -11

755 -> erro -443 -> -221

756 -> erro -583 -> -443

757 -> erro -546 -> -583

758 -> erro -292 -> -546

759 -> erro 117 -> -292

760 -> erro 546 -> 117

761 -> erro 818 -> 546

762 -> erro 800 -> 818

763 -> erro 465 -> 800

764 -> erro -68 -> 465

765 -> erro -610 -> -68

766 -> erro -951 -> -610

767 -> erro -952 -> -951

768 -> erro -605 -> -952

769 -> erro -37 -> -605

770 -> erro 549 -> -37

771 -> erro 940 -> 549

772 -> erro 993 -> 940

773 -> erro 685 -> 993

774 -> erro 136 -> 685

775 -> erro -462 -> 136

776 -> erro -887 -> -462

777 -> erro -983 -> -887

778 -> erro -715 -> -983

779 -> erro -196 -> -715

780 -> erro 370 -> -196

781 -> erro 760 -> 370

782 -> erro 831 -> 760

783 -> erro 578 -> 831

784 -> erro 130 -> 578

785 -> erro -303 -> 130

786 -> erro -543 -> -303

787 -> erro -510 -> -543

788 -> erro -274 -> -510

789 -> erro 23 -> -274

790 -> erro 210 -> 23

791 -> erro 216 -> 210

792 -> erro 66 -> 216

793 -> erro -105 -> 66

794 -> erro -175 -> -105

795 -> erro -69 -> -175

796 -> erro 157 -> -69

797 -> erro 376 -> 157

798 -> erro 437 -> 376

799 -> erro 285 -> 437

800 -> erro -50 -> 285

801 -> erro -415 -> -50

802 -> erro -646 -> -415

803 -> erro -613 -> -646

804 -> erro -328 -> -613

805 -> erro 116 -> -328

806 -> erro 534 -> 116

807 -> erro 767 -> 534

808 -> erro 714 -> 767

809 -> erro 402 -> 714

810 -> erro -63 -> 402

811 -> erro -509 -> -63

812 -> erro -784 -> -509

813 -> erro -777 -> -784

814 -> erro -500 -> -777

815 -> erro -29 -> -500

816 -> erro 453 -> -29

817 -> erro 790 -> 453

818 -> erro 839 -> 790

819 -> erro 598 -> 839

820 -> erro 143 -> 598

821 -> erro -339 -> 143

822 -> erro -687 -> -339

823 -> erro -774 -> -687

824 -> erro -598 -> -774

825 -> erro -241 -> -598

826 -> erro 134 -> -241

827 -> erro 415 -> 134

828 -> erro 533 -> 415

829 -> erro 506 -> 533

830 -> erro 376 -> 506

831 -> erro 212 -> 376

832 -> erro 36 -> 212

833 -> erro -152 -> 36

834 -> erro -351 -> -152

835 -> erro -522 -> -351

836 -> erro -600 -> -522

837 -> erro -513 -> -600

838 -> erro -229 -> -513

839 -> erro 185 -> -229

840 -> erro 595 -> 185

841 -> erro 832 -> 595

842 -> erro 782 -> 832

843 -> erro 432 -> 782

844 -> erro -88 -> 432

845 -> erro -582 -> -88

846 -> erro -852 -> -582

847 -> erro -803 -> -852

848 -> erro -457 -> -803

849 -> erro 30 -> -457

850 -> erro 466 -> 30

851 -> erro 694 -> 466

852 -> erro 651 -> 694

853 -> erro 374 -> 651

854 -> erro -16 -> 374

855 -> erro -368 -> -16

856 -> erro -566 -> -368

857 -> erro -548 -> -566

858 -> erro -335 -> -548

859 -> erro 0 -> -335

860 -> erro 326 -> 0

861 -> erro 536 -> 326

862 -> erro 545 -> 536

863 -> erro 350 -> 545

864 -> erro 5 -> 350

865 -> erro -358 -> 5

866 -> erro -602 -> -358

867 -> erro -631 -> -602

868 -> erro -427 -> -631

869 -> erro -61 -> -427

870 -> erro 332 -> -61

871 -> erro 599 -> 332

872 -> erro 639 -> 599

873 -> erro 448 -> 639

874 -> erro 100 -> 448

875 -> erro -264 -> 100

876 -> erro -517 -> -264

877 -> erro -568 -> -517

878 -> erro -416 -> -568

879 -> erro -123 -> -416

880 -> erro 189 -> -123

881 -> erro 412 -> 189

882 -> erro 472 -> 412

883 -> erro 358 -> 472

884 -> erro 110 -> 358

885 -> erro -172 -> 110

886 -> erro -395 -> -172

887 -> erro -472 -> -395

888 -> erro -372 -> -472

889 -> erro -110 -> -372

890 -> erro 211 -> -110

891 -> erro 477 -> 211

892 -> erro 577 -> 477

893 -> erro 462 -> 577

894 -> erro 156 -> 462

895 -> erro -228 -> 156

896 -> erro -550 -> -228

897 -> erro -692 -> -550

898 -> erro -591 -> -692

899 -> erro -283 -> -591

900 -> erro 118 -> -283

901 -> erro 468 -> 118

902 -> erro 658 -> 468

903 -> erro 627 -> 658

904 -> erro 407 -> 627

905 -> erro 99 -> 407

906 -> erro -193 -> 99

907 -> erro -385 -> -193

908 -> erro -452 -> -385

909 -> erro -404 -> -452

910 -> erro -313 -> -404

911 -> erro -197 -> -313

912 -> erro -70 -> -197

913 -> erro 84 -> -70

914 -> erro 254 -> 84

915 -> erro 437 -> 254

916 -> erro 555 -> 437

917 -> erro 535 -> 555

918 -> erro 318 -> 535

919 -> erro -47 -> 318

920 -> erro -476 -> -47

921 -> erro -782 -> -476

922 -> erro -838 -> -782

923 -> erro -574 -> -838

924 -> erro -94 -> -574

925 -> erro 444 -> -94

926 -> erro 809 -> 444

927 -> erro 863 -> 809

928 -> erro 570 -> 863

929 -> erro 73 -> 570

930 -> erro -440 -> 73

931 -> erro -739 -> -440

932 -> erro -729 -> -739

933 -> erro -417 -> -729

934 -> erro 31 -> -417

935 -> erro 446 -> 31

936 -> erro 651 -> 446

937 -> erro 599 -> 651

938 -> erro 313 -> 599

939 -> erro -76 -> 313

940 -> erro -442 -> -76

941 -> erro -643 -> -442

942 -> erro -628 -> -643

943 -> erro -383 -> -628

944 -> erro 0 -> -383

945 -> erro 417 -> 0

946 -> erro 708 -> 417

947 -> erro 770 -> 708

948 -> erro 544 -> 770

949 -> erro 106 -> 544

950 -> erro -405 -> 106

951 -> erro -784 -> -405

952 -> erro -889 -> -784

953 -> erro -649 -> -889

954 -> erro -157 -> -649

955 -> erro 402 -> -157

956 -> erro 800 -> 402

957 -> erro 889 -> 800

958 -> erro 632 -> 889

959 -> erro 142 -> 632

960 -> erro -381 -> 142

961 -> erro -727 -> -381

962 -> erro -786 -> -727

963 -> erro -540 -> -786

964 -> erro -99 -> -540

965 -> erro 380 -> -99

966 -> erro 706 -> 380

967 -> erro 782 -> 706

968 -> erro 569 -> 782

969 -> erro 147 -> 569

970 -> erro -359 -> 147

971 -> erro -756 -> -359

972 -> erro -907 -> -756

973 -> erro -720 -> -907

974 -> erro -248 -> -720

975 -> erro 370 -> -248

976 -> erro 877 -> 370

977 -> erro 1076 -> 877

978 -> erro 857 -> 1076

979 -> erro 311 -> 857

980 -> erro -359 -> 311

981 -> erro -867 -> -359

982 -> erro -1015 -> -867

983 -> erro -756 -> -1015

984 -> erro -234 -> -756

985 -> erro 314 -> -234

986 -> erro 646 -> 314

987 -> erro 661 -> 646

988 -> erro 418 -> 661

989 -> erro 87 -> 418

990 -> erro -157 -> 87

991 -> erro -212 -> -157

992 -> erro -102 -> -212

993 -> erro 45 -> -102

994 -> erro 92 -> 45

995 -> erro -5 -> 92

996 -> erro -210 -> -5

997 -> erro -394 -> -210

998 -> erro -428 -> -394

999 -> erro -243 -> -428

1000 -> erro 83 -> -243

1001 -> erro 430 -> 83

1002 -> erro 647 -> 430

1003 -> erro 638 -> 647

1004 -> erro 375 -> 638

1005 -> erro -37 -> 375

1006 -> erro -460 -> -37

1007 -> erro -737 -> -460

1008 -> erro -775 -> -737

1009 -> erro -538 -> -775

1010 -> erro -112 -> -538

1011 -> erro 374 -> -112

1012 -> erro 747 -> 374

1013 -> erro 866 -> 747

1014 -> erro 664 -> 866

1015 -> erro 211 -> 664

1016 -> erro -336 -> 211

1017 -> erro -766 -> -336

1018 -> erro -904 -> -766

1019 -> erro -693 -> -904

1020 -> erro -236 -> -693

1021 -> erro 283 -> -236

1022 -> erro 658 -> 283

1023 -> erro 753 -> 658

1024 -> erro 561 -> 753

1025 -> erro 209 -> 561

1026 -> erro -146 -> 209

1027 -> erro -387 -> -146

1028 -> erro -467 -> -387

1029 -> erro -412 -> -467

1030 -> erro -301 -> -412

1031 -> erro -178 -> -301

1032 -> erro -47 -> -178

1033 -> erro 110 -> -47

1034 -> erro 291 -> 110

1035 -> erro 463 -> 291

1036 -> erro 543 -> 463

1037 -> erro 448 -> 543

1038 -> erro 163 -> 448

1039 -> erro -243 -> 163

1040 -> erro -616 -> -243

1041 -> erro -802 -> -616

1042 -> erro -692 -> -802

1043 -> erro -323 -> -692

1044 -> erro 186 -> -323

1045 -> erro 639 -> 186

1046 -> erro 874 -> 639

1047 -> erro 791 -> 874

1048 -> erro 446 -> 791

1049 -> erro -50 -> 446

1050 -> erro -512 -> -50

1051 -> erro -801 -> -512

1052 -> erro -803 -> -801

1053 -> erro -549 -> -803

1054 -> erro -109 -> -549

1055 -> erro 353 -> -109

1056 -> erro 697 -> 353

1057 -> erro 777 -> 697

1058 -> erro 580 -> 777

1059 -> erro 174 -> 580

1060 -> erro -267 -> 174

1061 -> erro -576 -> -267

1062 -> erro -622 -> -576

1063 -> erro -412 -> -622

1064 -> erro -54 -> -412

1065 -> erro 259 -> -54

1066 -> erro 394 -> 259

1067 -> erro 300 -> 394

1068 -> erro 77 -> 300

1069 -> erro -140 -> 77

1070 -> erro -190 -> -140

1071 -> erro -64 -> -190

1072 -> erro 171 -> -64

1073 -> erro 327 -> 171

1074 -> erro 302 -> 327

1075 -> erro 38 -> 302

1076 -> erro -321 -> 38

1077 -> erro -608 -> -321

1078 -> erro -629 -> -608

1079 -> erro -354 -> -629

1080 -> erro 139 -> -354

1081 -> erro 619 -> 139

1082 -> erro 880 -> 619

1083 -> erro 774 -> 880

1084 -> erro 353 -> 774

1085 -> erro -241 -> 353

1086 -> erro -747 -> -241

1087 -> erro -986 -> -747

1088 -> erro -844 -> -986

1089 -> erro -394 -> -844

1090 -> erro 215 -> -394

1091 -> erro 736 -> 215

1092 -> erro 1002 -> 736

1093 -> erro 899 -> 1002

1094 -> erro 483 -> 899

1095 -> erro -121 -> 483

1096 -> erro -662 -> -121

1097 -> erro -968 -> -662

1098 -> erro -895 -> -968

1099 -> erro -507 -> -895

1100 -> erro 68 -> -507

1101 -> erro 562 -> 68

1102 -> erro 825 -> 562

1103 -> erro 735 -> 825

1104 -> erro 393 -> 735

1105 -> erro -56 -> 393

1106 -> erro -375 -> -56

1107 -> erro -491 -> -375

1108 -> erro -378 -> -491

1109 -> erro -167 -> -378

1110 -> erro 24 -> -167

1111 -> erro 74 -> 24

1112 -> erro 29 -> 74

1113 -> erro -44 -> 29

1114 -> erro -33 -> -44

1115 -> erro 85 -> -33

1116 -> erro 287 -> 85

1117 -> erro 424 -> 287

1118 -> erro 400 -> 424

1119 -> erro 174 -> 400

1120 -> erro -172 -> 174

1121 -> erro -513 -> -172

1122 -> erro -667 -> -513

1123 -> erro -562 -> -667

1124 -> erro -222 -> -562

1125 -> erro 208 -> -222

1126 -> erro 590 -> 208

1127 -> erro 755 -> 590

1128 -> erro 656 -> 755

1129 -> erro 322 -> 656

1130 -> erro -111 -> 322

1131 -> erro -516 -> -111

1132 -> erro -742 -> -516

1133 -> erro -720 -> -742

1134 -> erro -445 -> -720

1135 -> erro -18 -> -445

1136 -> erro 435 -> -18

1137 -> erro 744 -> 435

1138 -> erro 796 -> 744

1139 -> erro 561 -> 796

1140 -> erro 134 -> 561

1141 -> erro -332 -> 134

1142 -> erro -664 -> -332

1143 -> erro -746 -> -664

1144 -> erro -559 -> -746

1145 -> erro -205 -> -559

1146 -> erro 167 -> -205

1147 -> erro 425 -> 167

1148 -> erro 510 -> 425

1149 -> erro 442 -> 510

1150 -> erro 296 -> 442

1151 -> erro 141 -> 296

1152 -> erro 4 -> 141

1153 -> erro -123 -> 4

1154 -> erro -260 -> -123

1155 -> erro -403 -> -260

1156 -> erro -496 -> -403

1157 -> erro -462 -> -496

1158 -> erro -255 -> -462

1159 -> erro 86 -> -255

1160 -> erro 464 -> 86

1161 -> erro 716 -> 464

1162 -> erro 723 -> 716

1163 -> erro 457 -> 723

1164 -> erro 14 -> 457

1165 -> erro -439 -> 14

1166 -> erro -726 -> -439

1167 -> erro -737 -> -726

1168 -> erro -487 -> -737

1169 -> erro -85 -> -487

1170 -> erro 311 -> -85

1171 -> erro 558 -> 311

1172 -> erro 584 -> 558

1173 -> erro 415 -> 584

1174 -> erro 123 -> 415

1175 -> erro -174 -> 123

1176 -> erro -384 -> -174

1177 -> erro -442 -> -384

1178 -> erro -354 -> -442

1179 -> erro -143 -> -354

1180 -> erro 114 -> -143

1181 -> erro 320 -> 114

1182 -> erro 404 -> 320

1183 -> erro 341 -> 404

1184 -> erro 142 -> 341

1185 -> erro -128 -> 142

1186 -> erro -353 -> -128

1187 -> erro -445 -> -353

1188 -> erro -368 -> -445

1189 -> erro -150 -> -368

1190 -> erro 138 -> -150

1191 -> erro 366 -> 138

1192 -> erro 458 -> 366

1193 -> erro 377 -> 458

1194 -> erro 166 -> 377

1195 -> erro -106 -> 166

1196 -> erro -319 -> -106

1197 -> erro -411 -> -319

1198 -> erro -353 -> -411

1199 -> erro -173 -> -353

1200 -> erro 68 -> -173

1201 -> erro 271 -> 68

1202 -> erro 371 -> 271

1203 -> erro 335 -> 371

1204 -> erro 176 -> 335

1205 -> erro -61 -> 176

1206 -> erro -276 -> -61

1207 -> erro -393 -> -276

1208 -> erro -355 -> -393

1209 -> erro -167 -> -355

1210 -> erro 119 -> -167

1211 -> erro 378 -> 119

1212 -> erro 508 -> 378

1213 -> erro 437 -> 508

1214 -> erro 185 -> 437

1215 -> erro -174 -> 185

1216 -> erro -486 -> -174

1217 -> erro -631 -> -486

1218 -> erro -538 -> -631

1219 -> erro -244 -> -538

1220 -> erro 148 -> -244

1221 -> erro 486 -> 148

1222 -> erro 647 -> 486

1223 -> erro 573 -> 647

1224 -> erro 312 -> 573

1225 -> erro -30 -> 312

1226 -> erro -319 -> -30

1227 -> erro -463 -> -319

1228 -> erro -437 -> -463

1229 -> erro -290 -> -437

1230 -> erro -113 -> -290

1231 -> erro 30 -> -113

1232 -> erro 102 -> 30

1233 -> erro 129 -> 102

1234 -> erro 149 -> 129

1235 -> erro 207 -> 149

1236 -> erro 274 -> 207

1237 -> erro 310 -> 274

1238 -> erro 247 -> 310

1239 -> erro 59 -> 247

1240 -> erro -225 -> 59

1241 -> erro -492 -> -225

1242 -> erro -625 -> -492

1243 -> erro -541 -> -625

1244 -> erro -245 -> -541

1245 -> erro 171 -> -245

1246 -> erro 538 -> 171

1247 -> erro 717 -> 538

1248 -> erro 632 -> 717

1249 -> erro 318 -> 632

1250 -> erro -110 -> 318

1251 -> erro -467 -> -110

1252 -> erro -633 -> -467

1253 -> erro -552 -> -633

1254 -> erro -284 -> -552

1255 -> erro 71 -> -284

1256 -> erro 365 -> 71

1257 -> erro 508 -> 365

1258 -> erro 452 -> 508

1259 -> erro 232 -> 452

1260 -> erro -79 -> 232

1261 -> erro -354 -> -79

1262 -> erro -507 -> -354

1263 -> erro -457 -> -507

1264 -> erro -221 -> -457

1265 -> erro 141 -> -221

1266 -> erro 481 -> 141

1267 -> erro 667 -> 481

1268 -> erro 583 -> 667

1269 -> erro 241 -> 583

1270 -> erro -248 -> 241

1271 -> erro -681 -> -248

1272 -> erro -880 -> -681

1273 -> erro -722 -> -880

1274 -> erro -252 -> -722

1275 -> erro 355 -> -252

1276 -> erro 846 -> 355

1277 -> erro 1023 -> 846

1278 -> erro 793 -> 1023

1279 -> erro 248 -> 793

1280 -> erro -390 -> 248

1281 -> erro -862 -> -390

1282 -> erro -997 -> -862

1283 -> erro -741 -> -997

1284 -> erro -213 -> -741

1285 -> erro 380 -> -213

1286 -> erro 798 -> 380

1287 -> erro 903 -> 798

1288 -> erro 657 -> 903

1289 -> erro 183 -> 657

1290 -> erro -338 -> 183

1291 -> erro -712 -> -338

1292 -> erro -814 -> -712

1293 -> erro -603 -> -814

1294 -> erro -162 -> -603

1295 -> erro 336 -> -162

1296 -> erro 698 -> 336

1297 -> erro 789 -> 698

1298 -> erro 568 -> 789

1299 -> erro 121 -> 568

1300 -> erro -371 -> 121

1301 -> erro -714 -> -371

1302 -> erro -768 -> -714

1303 -> erro -517 -> -768

1304 -> erro -67 -> -517

1305 -> erro 396 -> -67

1306 -> erro 683 -> 396

1307 -> erro 701 -> 683

1308 -> erro 456 -> 701

1309 -> erro 66 -> 456

1310 -> erro -325 -> 66

1311 -> erro -559 -> -325

1312 -> erro -581 -> -559

1313 -> erro -402 -> -581

1314 -> erro -115 -> -402

1315 -> erro 186 -> -115

1316 -> erro 391 -> 186

1317 -> erro 454 -> 391

1318 -> erro 364 -> 454

1319 -> erro 171 -> 364

1320 -> erro -77 -> 171

1321 -> erro -284 -> -77

1322 -> erro -390 -> -284

1323 -> erro -352 -> -390

1324 -> erro -187 -> -352

1325 -> erro 49 -> -187

1326 -> erro 261 -> 49

1327 -> erro 371 -> 261

1328 -> erro 327 -> 371

1329 -> erro 146 -> 327

1330 -> erro -104 -> 146

1331 -> erro -305 -> -104

1332 -> erro -384 -> -305

1333 -> erro -303 -> -384

1334 -> erro -104 -> -303

1335 -> erro 138 -> -104

1336 -> erro 317 -> 138

1337 -> erro 385 -> 317

1338 -> erro 316 -> 385

1339 -> erro 136 -> 316

1340 -> erro -100 -> 136

1341 -> erro -307 -> -100

1342 -> erro -436 -> -307

1343 -> erro -428 -> -436

1344 -> erro -275 -> -428

1345 -> erro -8 -> -275

1346 -> erro 279 -> -8

1347 -> erro 492 -> 279

1348 -> erro 534 -> 492

1349 -> erro 366 -> 534

1350 -> erro 43 -> 366

1351 -> erro -313 -> 43

1352 -> erro -567 -> -313

1353 -> erro -604 -> -567

1354 -> erro -392 -> -604

1355 -> erro -13 -> -392

1356 -> erro 372 -> -13

1357 -> erro 608 -> 372

1358 -> erro 597 -> 608

1359 -> erro 325 -> 597

1360 -> erro -79 -> 325

1361 -> erro -456 -> -79

1362 -> erro -657 -> -456

1363 -> erro -604 -> -657

1364 -> erro -303 -> -604

1365 -> erro 136 -> -303

1366 -> erro 544 -> 136

1367 -> erro 771 -> 544

1368 -> erro 723 -> 771

1369 -> erro 383 -> 723

1370 -> erro -134 -> 383

1371 -> erro -642 -> -134

1372 -> erro -953 -> -642

1373 -> erro -926 -> -953

1374 -> erro -534 -> -926

1375 -> erro 102 -> -534

1376 -> erro 726 -> 102

1377 -> erro 1099 -> 726

1378 -> erro 1050 -> 1099

1379 -> erro 599 -> 1050

1380 -> erro -84 -> 599

1381 -> erro -692 -> -84

1382 -> erro -999 -> -692

1383 -> erro -890 -> -999

1384 -> erro -454 -> -890

1385 -> erro 95 -> -454

1386 -> erro 496 -> 95

1387 -> erro 621 -> 496

1388 -> erro 483 -> 621

1389 -> erro 211 -> 483

1390 -> erro -22 -> 211

1391 -> erro -99 -> -22

1392 -> erro -34 -> -99

1393 -> erro 58 -> -34

1394 -> erro 66 -> 58

1395 -> erro -71 -> 66

1396 -> erro -309 -> -71

1397 -> erro -500 -> -309

1398 -> erro -496 -> -500

1399 -> erro -248 -> -496

1400 -> erro 169 -> -248

1401 -> erro 599 -> 169

1402 -> erro 847 -> 599

1403 -> erro 768 -> 847

1404 -> erro 383 -> 768

1405 -> erro -182 -> 383

1406 -> erro -714 -> -182

1407 -> erro -1012 -> -714

1408 -> erro -931 -> -1012

1409 -> erro -508 -> -931

1410 -> erro 126 -> -508

1411 -> erro 729 -> 126

1412 -> erro 1097 -> 729

1413 -> erro 1048 -> 1097

1414 -> erro 619 -> 1048

1415 -> erro -68 -> 619

1416 -> erro -736 -> -68

1417 -> erro -1149 -> -736

1418 -> erro -1103 -> -1149

1419 -> erro -649 -> -1103

1420 -> erro 56 -> -649

1421 -> erro 704 -> 56

1422 -> erro 1065 -> 704

1423 -> erro 971 -> 1065

1424 -> erro 522 -> 971

1425 -> erro -90 -> 522

1426 -> erro -583 -> -90

1427 -> erro -799 -> -583

1428 -> erro -677 -> -799

1429 -> erro -346 -> -677

1430 -> erro 22 -> -346

1431 -> erro 264 -> 22

1432 -> erro 337 -> 264

1433 -> erro 264 -> 337

1434 -> erro 156 -> 264

1435 -> erro 92 -> 156

1436 -> erro 105 -> 92

1437 -> erro 120 -> 105

1438 -> erro 85 -> 120

1439 -> erro -46 -> 85

1440 -> erro -228 -> -46

1441 -> erro -395 -> -228

1442 -> erro -439 -> -395

1443 -> erro -322 -> -439

1444 -> erro -63 -> -322

1445 -> erro 242 -> -63

1446 -> erro 501 -> 242

1447 -> erro 597 -> 501

1448 -> erro 503 -> 597

0 samples correct

200 samples correct

400 samples correct

600 samples correct

800 samples correct

1000 samples correct

1200 samples correct

1400 samples correct

1600 samples correct

1800 samples correct

2000 samples correct

2200 samples correct

2400 samples correct

2600 samples correct

2800 samples correct

3000 samples correct

3200 samples correct

3400 samples correct

3600 samples correct

3800 samples correct

4000 samples correct

4200 samples correct

4400 samples correct

4600 samples correct

4800 samples correct

5000 samples correct

5200 samples correct

5400 samples correct

5600 samples correct

5800 samples correct

6000 samples correct

6200 samples correct

6400 samples correct

6600 samples correct

6800 samples correct

7000 samples correct

7200 samples correct

7400 samples correct

7600 samples correct

7800 samples correct

8000 samples correct

8200 samples correct

8400 samples correct

8600 samples correct

8800 samples correct

9000 samples correct

9200 samples correct

9400 samples correct

9600 samples correct

9800 samples correct

10000 samples correct

10200 samples correct

10400 samples correct

10600 samples correct

10800 samples correct

11000 samples correct

11200 samples correct

11400 samples correct

11600 samples correct

11800 samples correct

12000 samples correct

12200 samples correct

12400 samples correct

12600 samples correct

12800 samples correct

13000 samples correct

13200 samples correct

13400 samples correct

13600 samples correct

13800 samples correct

14000 samples correct

14200 samples correct

14400 samples correct

14600 samples correct

14800 samples correct

15000 samples correct

15200 samples correct

15400 samples correct

15600 samples correct

15800 samples correct

16000 samples correct

16200 samples correct

16400 samples correct

16600 samples correct

16800 samples correct

17000 samples correct

17200 samples correct

17400 samples correct

17600 samples correct

17800 samples correct

18000 samples correct

18200 samples correct

18400 samples correct

18600 samples correct

18800 samples correct

19000 samples correct

19200 samples correct

19400 samples correct

19600 samples correct

19800 samples correct

20000 samples correct

20200 samples correct

20400 samples correct

20600 samples correct

20800 samples correct

21000 samples correct

21200 samples correct

21400 samples correct

21600 samples correct

21800 samples correct

22000 samples correct

22200 samples correct

22400 samples correct

22600 samples correct

22800 samples correct

23000 samples correct

23200 samples correct

23400 samples correct

23600 samples correct

23800 samples correct

24000 samples correct

24200 samples correct

24400 samples correct

24600 samples correct

24800 samples correct

25000 samples correct

25200 samples correct

25400 samples correct

25600 samples correct

25800 samples correct

26000 samples correct

26200 samples correct

26400 samples correct

26600 samples correct

26800 samples correct

27000 samples correct

27200 samples correct

27400 samples correct

27600 samples correct

27800 samples correct

28000 samples correct

28200 samples correct

28400 samples correct

28600 samples correct

28800 samples correct

29000 samples correct

29200 samples correct

29400 samples correct

29600 samples correct

29800 samples correct

30000 samples correct

30200 samples correct

30400 samples correct

30600 samples correct

30800 samples correct

31000 samples correct

31200 samples correct

31400 samples correct

31600 samples correct

31800 samples correct

32000 samples correct

32200 samples correct

32400 samples correct

32600 samples correct

32800 samples correct

33000 samples correct

33200 samples correct

33400 samples correct

33600 samples correct

33800 samples correct

34000 samples correct

34200 samples correct

34400 samples correct

34600 samples correct

34800 samples correct

35000 samples correct

35200 samples correct

35400 samples correct

35600 samples correct

35800 samples correct

36000 samples correct

36200 samples correct

36400 samples correct

36600 samples correct

36800 samples correct

37000 samples correct

37200 samples correct

37400 samples correct

37600 samples correct

37800 samples correct

38000 samples correct

38200 samples correct

38400 samples correct

38600 samples correct

38800 samples correct

39000 samples correct

39200 samples correct

39400 samples correct

39600 samples correct

39800 samples correct

40000 samples correct

40200 samples correct

40400 samples correct

40600 samples correct

40800 samples correct

41000 samples correct

41200 samples correct

41400 samples correct

41600 samples correct

41800 samples correct

42000 samples correct

42200 samples correct

42400 samples correct

42600 samples correct

42800 samples correct

43000 samples correct

43200 samples correct

43400 samples correct

43600 samples correct

43800 samples correct

44000 samples correct

44200 samples correct

44400 samples correct

44600 samples correct

44800 samples correct

45000 samples correct

45200 samples correct

45400 samples correct

45600 samples correct

45800 samples correct

46000 samples correct

46200 samples correct

46400 samples correct

46600 samples correct

46800 samples correct

47000 samples correct

47200 samples correct

47400 samples correct

47600 samples correct

47800 samples correct

48000 samples correct

48200 samples correct

48400 samples correct

48600 samples correct

48800 samples correct

49000 samples correct

49200 samples correct

49400 samples correct

49600 samples correct

49800 samples correct

50000 samples correct

50200 samples correct

50400 samples correct

50600 samples correct

50800 samples correct

51000 samples correct

51200 samples correct

51400 samples correct

51600 samples correct

51800 samples correct

52000 samples correct

52200 samples correct

52400 samples correct

52600 samples correct

52800 samples correct

53000 samples correct

53200 samples correct

53400 samples correct

53600 samples correct

53800 samples correct

54000 samples correct

54200 samples correct

54400 samples correct

54600 samples correct

54800 samples correct

55000 samples correct

55200 samples correct

55400 samples correct

55600 samples correct

55800 samples correct

56000 samples correct

56200 samples correct

56400 samples correct

56600 samples correct

56800 samples correct

57000 samples correct

57200 samples correct

57400 samples correct

57600 samples correct

57800 samples correct

58000 samples correct

58200 samples correct

58400 samples correct

58600 samples correct

58800 samples correct

59000 samples correct

59200 samples correct

59400 samples correct

59600 samples correct

59800 samples correct

60000 samples correct

60200 samples correct

60400 samples correct

60600 samples correct

60800 samples correct

61000 samples correct

61200 samples correct

61400 samples correct

61600 samples correct

61800 samples correct

62000 samples correct

62200 samples correct

62400 samples correct

62600 samples correct

62800 samples correct

63000 samples correct

63200 samples correct

63400 samples correct

63600 samples correct

63800 samples correct

64000 samples correct

64200 samples correct

64400 samples correct

64600 samples correct

64800 samples correct

65000 samples correct

65200 samples correct

65400 samples correct

65600 samples correct

65800 samples correct

66000 samples correct

66200 samples correct

66400 samples correct

66600 samples correct

66800 samples correct

67000 samples correct

67200 samples correct

67400 samples correct

67600 samples correct

67800 samples correct

68000 samples correct

68200 samples correct

68400 samples correct

68600 samples correct

68800 samples correct

69000 samples correct

69200 samples correct

69400 samples correct

69600 samples correct

69800 samples correct

70000 samples correct

70200 samples correct

70400 samples correct

70600 samples correct

70800 samples correct

71000 samples correct

71200 samples correct

71400 samples correct

71600 samples correct

71800 samples correct

72000 samples correct

72200 samples correct

72400 samples correct

72600 samples correct

72800 samples correct

73000 samples correct

73200 samples correct

73400 samples correct

73600 samples correct

73800 samples correct

74000 samples correct

74200 samples correct

74400 samples correct

74600 samples correct

74800 samples correct

75000 samples correct

75200 samples correct

75400 samples correct

75600 samples correct

75800 samples correct

76000 samples correct

76200 samples correct

76400 samples correct

76600 samples correct

76800 samples correct

77000 samples correct

77200 samples correct

77400 samples correct

77600 samples correct

77800 samples correct

78000 samples correct

78200 samples correct

78400 samples correct

78600 samples correct

78800 samples correct

79000 samples correct

79200 samples correct

79400 samples correct

79600 samples correct

79800 samples correct

80000 samples correct

80200 samples correct

80400 samples correct

80600 samples correct

80800 samples correct

81000 samples correct

81200 samples correct

81400 samples correct

81600 samples correct

81800 samples correct

82000 samples correct

82200 samples correct

82400 samples correct

82600 samples correct

82800 samples correct

83000 samples correct

83200 samples correct

83400 samples correct

83600 samples correct

83800 samples correct

84000 samples correct

84200 samples correct

84400 samples correct

84600 samples correct

84800 samples correct

85000 samples correct

85200 samples correct

85400 samples correct

85600 samples correct

85800 samples correct

86000 samples correct

86200 samples correct

86400 samples correct

86600 samples correct

86800 samples correct

87000 samples correct

87200 samples correct

87400 samples correct

87600 samples correct

87800 samples correct

88000 samples correct

88200 samples correct

88400 samples correct

88600 samples correct

88800 samples correct

89000 samples correct

89200 samples correct

89400 samples correct

89600 samples correct

89800 samples correct

90000 samples correct

90200 samples correct

90400 samples correct

90600 samples correct

90800 samples correct

91000 samples correct

91200 samples correct

91400 samples correct

91600 samples correct

91800 samples correct

92000 samples correct

92200 samples correct

92400 samples correct

92600 samples correct

92800 samples correct

93000 samples correct

93200 samples correct

93400 samples correct

93600 samples correct

93800 samples correct

94000 samples correct

94200 samples correct

94400 samples correct

94600 samples correct

94800 samples correct

95000 samples correct

95200 samples correct

95400 samples correct

95600 samples correct

95800 samples correct

96000 samples correct

96200 samples correct

96400 samples correct

96600 samples correct

96800 samples correct

97000 samples correct

97200 samples correct

97400 samples correct

97600 samples correct

97800 samples correct

98000 samples correct

98200 samples correct

98400 samples correct

98600 samples correct

98800 samples correct

99000 samples correct

99200 samples correct

99400 samples correct

99600 samples correct

99800 samples correct

100000 samples correct

100200 samples correct

100400 samples correct

100600 samples correct

100800 samples correct

101000 samples correct

101200 samples correct

101400 samples correct

101600 samples correct

101800 samples correct

102000 samples correct

102200 samples correct

102400 samples correct

102600 samples correct

102800 samples correct

103000 samples correct

103200 samples correct

103400 samples correct

103600 samples correct

103800 samples correct

104000 samples correct

104200 samples correct

104400 samples correct

104600 samples correct

104800 samples correct

105000 samples correct

105200 samples correct

105400 samples correct

105600 samples correct

105800 samples correct

106000 samples correct

106200 samples correct

106400 samples correct

106600 samples correct

106800 samples correct

107000 samples correct

107200 samples correct

107400 samples correct

107600 samples correct

107800 samples correct

108000 samples correct

108200 samples correct

108400 samples correct

108600 samples correct

108800 samples correct

109000 samples correct

109200 samples correct

109400 samples correct

109600 samples correct

109800 samples correct

110000 samples correct

110200 samples correct

110400 samples correct

110600 samples correct

110800 samples correct

111000 samples correct

111200 samples correct

111400 samples correct

111600 samples correct

111800 samples correct

112000 samples correct

112200 samples correct

112400 samples correct

112600 samples correct

112800 samples correct

113000 samples correct

113200 samples correct

113400 samples correct

113600 samples correct

113800 samples correct

114000 samples correct

114200 samples correct

114400 samples correct

114600 samples correct

114800 samples correct

115000 samples correct

115200 samples correct

115400 samples correct

115600 samples correct

115800 samples correct

116000 samples correct

116200 samples correct

116400 samples correct

116600 samples correct

116800 samples correct

117000 samples correct

117200 samples correct

117400 samples correct

117600 samples correct

117800 samples correct

118000 samples correct

118200 samples correct

118400 samples correct

118600 samples correct

118800 samples correct

119000 samples correct

119200 samples correct

119400 samples correct

119600 samples correct

119800 samples correct

120000 samples correct

120200 samples correct

120400 samples correct

120600 samples correct

120800 samples correct

121000 samples correct

121200 samples correct

121400 samples correct

121600 samples correct

121800 samples correct

122000 samples correct

122200 samples correct

122400 samples correct

122600 samples correct

122800 samples correct

123000 samples correct

123200 samples correct

123400 samples correct

123600 samples correct

123800 samples correct

124000 samples correct

124200 samples correct

124400 samples correct

124600 samples correct

124800 samples correct

125000 samples correct

125200 samples correct

125400 samples correct

125600 samples correct

125800 samples correct

126000 samples correct

126200 samples correct

126400 samples correct

126600 samples correct

126800 samples correct

127000 samples correct

127200 samples correct

127400 samples correct

127600 samples correct

127800 samples correct

128000 samples correct

128200 samples correct

128400 samples correct

128600 samples correct

128800 samples correct

129000 samples correct

129200 samples correct

129400 samples correct

129600 samples correct

129800 samples correct

130000 samples correct

130200 samples correct

130400 samples correct

130600 samples correct

130800 samples correct

131000 samples correct

131200 samples correct

131400 samples correct

131600 samples correct

131800 samples correct

132000 samples correct

132200 samples correct

132400 samples correct

132600 samples correct

132800 samples correct

133000 samples correct

133200 samples correct

133400 samples correct

133600 samples correct

133800 samples correct

134000 samples correct

134200 samples correct

134400 samples correct

134600 samples correct

134800 samples correct

135000 samples correct

135200 samples correct

135400 samples correct

135600 samples correct

135800 samples correct

136000 samples correct

136200 samples correct

136400 samples correct

136600 samples correct

136800 samples correct

137000 samples correct

137200 samples correct

137400 samples correct

137600 samples correct

137800 samples correct

138000 samples correct

138200 samples correct

138400 samples correct

138600 samples correct

138800 samples correct

139000 samples correct

139200 samples correct

139400 samples correct

139600 samples correct

139800 samples correct

140000 samples correct

140200 samples correct

140400 samples correct

140600 samples correct

140800 samples correct

141000 samples correct

141200 samples correct

141400 samples correct

141600 samples correct

141800 samples correct

142000 samples correct

142200 samples correct

142400 samples correct

142600 samples correct

142800 samples correct

143000 samples correct

143200 samples correct

143400 samples correct

143600 samples correct

143800 samples correct

144000 samples correct

144200 samples correct

144400 samples correct

144600 samples correct

144800 samples correct

145000 samples correct

145200 samples correct

145400 samples correct

145600 samples correct

145800 samples correct

146000 samples correct

146200 samples correct

146400 samples correct

146600 samples correct

146800 samples correct

147000 samples correct

147200 samples correct

147400 samples correct

147600 samples correct

147800 samples correct

148000 samples correct

148200 samples correct

148400 samples correct

148600 samples correct

148800 samples correct

149000 samples correct

149200 samples correct

149400 samples correct

149600 samples correct

149800 samples correct

150000 samples correct

150200 samples correct

150400 samples correct

150600 samples correct

150800 samples correct

151000 samples correct

151200 samples correct

151400 samples correct

151600 samples correct

151800 samples correct

152000 samples correct

152200 samples correct

152400 samples correct

152600 samples correct

152800 samples correct

153000 samples correct

153200 samples correct

153400 samples correct

153600 samples correct

153800 samples correct

154000 samples correct

154200 samples correct

154400 samples correct

154600 samples correct

154800 samples correct

155000 samples correct

155200 samples correct

155400 samples correct

155600 samples correct

155800 samples correct

156000 samples correct

156200 samples correct

156400 samples correct

156600 samples correct

156800 samples correct

157000 samples correct

157200 samples correct

157400 samples correct

157600 samples correct

157800 samples correct

158000 samples correct

158200 samples correct

158400 samples correct

158600 samples correct

158800 samples correct

159000 samples correct

159200 samples correct

159400 samples correct

159600 samples correct

159800 samples correct

160000 samples correct

160200 samples correct

160400 samples correct

160600 samples correct

160800 samples correct

161000 samples correct

161200 samples correct

161400 samples correct

161600 samples correct

161800 samples correct

162000 samples correct

162200 samples correct

162400 samples correct

162600 samples correct

162800 samples correct

163000 samples correct

163200 samples correct

163400 samples correct

163600 samples correct

163800 samples correct

164000 samples correct

164200 samples correct

164400 samples correct

164600 samples correct

164800 samples correct

165000 samples correct

165200 samples correct

165400 samples correct

165600 samples correct

165800 samples correct

166000 samples correct

166200 samples correct

166400 samples correct

166600 samples correct

166800 samples correct

167000 samples correct

167200 samples correct

167400 samples correct

167600 samples correct

167800 samples correct

168000 samples correct

168200 samples correct

168400 samples correct

168600 samples correct

168800 samples correct

169000 samples correct

169200 samples correct

169400 samples correct

169600 samples correct

169800 samples correct

170000 samples correct

170200 samples correct

170400 samples correct

170600 samples correct

170800 samples correct

171000 samples correct

171200 samples correct

171400 samples correct

171600 samples correct

171800 samples correct

172000 samples correct

172200 samples correct

172400 samples correct

172600 samples correct

172800 samples correct

173000 samples correct

173200 samples correct

173400 samples correct

173600 samples correct

173800 samples correct

174000 samples correct

174200 samples correct

174400 samples correct

174600 samples correct

174800 samples correct

175000 samples correct

175200 samples correct

175400 samples correct

175600 samples correct

175800 samples correct

176000 samples correct

176200 samples correct

176400 samples correct

176600 samples correct

176800 samples correct

177000 samples correct

177200 samples correct

177400 samples correct

177600 samples correct

177800 samples correct

178000 samples correct

178200 samples correct

178400 samples correct

178600 samples correct

178800 samples correct

179000 samples correct

179200 samples correct

179400 samples correct

179600 samples correct

179800 samples correct

180000 samples correct

180200 samples correct

180400 samples correct

180600 samples correct

180800 samples correct

181000 samples correct

181200 samples correct

181400 samples correct

181600 samples correct

181800 samples correct

182000 samples correct

182200 samples correct

182400 samples correct

182600 samples correct

182800 samples correct

183000 samples correct

183200 samples correct

183400 samples correct

183600 samples correct

183800 samples correct

184000 samples correct

184200 samples correct

184400 samples correct

184600 samples correct

184800 samples correct

185000 samples correct

185200 samples correct

185400 samples correct

185600 samples correct

185800 samples correct

186000 samples correct

186200 samples correct

186400 samples correct

186600 samples correct

186800 samples correct

187000 samples correct

187200 samples correct

187400 samples correct

187600 samples correct

187800 samples correct

188000 samples correct

188200 samples correct

188400 samples correct

188600 samples correct

188800 samples correct

189000 samples correct

189200 samples correct

189400 samples correct

189600 samples correct

189800 samples correct

190000 samples correct

190200 samples correct

190400 samples correct

190600 samples correct

190800 samples correct

191000 samples correct

191200 samples correct

191400 samples correct

191600 samples correct

191800 samples correct

192000 samples correct

192200 samples correct

192400 samples correct

192600 samples correct

192800 samples correct

193000 samples correct

193200 samples correct

193400 samples correct

193600 samples correct

193800 samples correct

194000 samples correct

194200 samples correct

194400 samples correct

194600 samples correct

194800 samples correct

195000 samples correct

195200 samples correct

195400 samples correct

195600 samples correct

195800 samples correct

196000 samples correct

196200 samples correct

196400 samples correct

196600 samples correct

196800 samples correct

197000 samples correct

197200 samples correct

197400 samples correct

197600 samples correct

197800 samples correct

198000 samples correct

198200 samples correct

198400 samples correct

198600 samples correct

198800 samples correct

199000 samples correct

199200 samples correct

199400 samples correct

199600 samples correct

199800 samples correct

200000 samples correct

200200 samples correct

200400 samples correct

200600 samples correct

200800 samples correct

201000 samples correct

201200 samples correct

201400 samples correct

201600 samples correct

201800 samples correct

202000 samples correct

202200 samples correct

202400 samples correct

202600 samples correct

202800 samples correct

203000 samples correct

203200 samples correct

203400 samples correct

203600 samples correct

203800 samples correct

204000 samples correct

204200 samples correct

204400 samples correct

204600 samples correct

204800 samples correct

205000 samples correct

205200 samples correct

205400 samples correct

205600 samples correct

205800 samples correct

206000 samples correct

206200 samples correct

206400 samples correct

206600 samples correct

206800 samples correct

207000 samples correct

207200 samples correct

207400 samples correct

207600 samples correct

207800 samples correct

208000 samples correct

208200 samples correct

208400 samples correct

208600 samples correct

208800 samples correct

209000 samples correct

209200 samples correct

209400 samples correct

209600 samples correct

209800 samples correct

210000 samples correct

210200 samples correct

210400 samples correct

210600 samples correct

210800 samples correct

211000 samples correct

211200 samples correct

211400 samples correct

211600 samples correct

211800 samples correct

212000 samples correct

212200 samples correct

212400 samples correct

212600 samples correct

212800 samples correct

213000 samples correct

213200 samples correct

213400 samples correct

213600 samples correct

213800 samples correct

214000 samples correct

214200 samples correct

214400 samples correct

214600 samples correct

214800 samples correct

215000 samples correct

215200 samples correct

215400 samples correct

215600 samples correct

215800 samples correct

216000 samples correct

216200 samples correct

216400 samples correct

216600 samples correct

216800 samples correct

217000 samples correct

217200 samples correct

217400 samples correct

217600 samples correct

217800 samples correct

218000 samples correct

218200 samples correct

218400 samples correct

218600 samples correct

218800 samples correct

219000 samples correct

219200 samples correct

219400 samples correct

219600 samples correct

219800 samples correct

220000 samples correct

220200 samples correct

220400 samples correct

220600 samples correct

220800 samples correct

221000 samples correct

221200 samples correct

221400 samples correct

221600 samples correct

221800 samples correct

222000 samples correct

222200 samples correct

222400 samples correct

222600 samples correct

222800 samples correct

223000 samples correct

223200 samples correct

223400 samples correct

223600 samples correct

223800 samples correct

224000 samples correct

224200 samples correct

224400 samples correct

224600 samples correct

224800 samples correct

225000 samples correct

225200 samples correct

225400 samples correct

225600 samples correct

225800 samples correct

226000 samples correct

226200 samples correct

226400 samples correct

226600 samples correct

226800 samples correct

227000 samples correct

227200 samples correct

227400 samples correct

227600 samples correct

227800 samples correct

228000 samples correct

228200 samples correct

228400 samples correct

228600 samples correct

228800 samples correct

229000 samples correct

229200 samples correct

229400 samples correct

229600 samples correct

229800 samples correct

230000 samples correct

230200 samples correct

230400 samples correct

230600 samples correct

230800 samples correct

231000 samples correct

231200 samples correct

231400 samples correct

231600 samples correct

231800 samples correct

232000 samples correct

232200 samples correct

232400 samples correct

232600 samples correct

232800 samples correct

233000 samples correct

233200 samples correct

233400 samples correct

233600 samples correct

233800 samples correct

234000 samples correct

234200 samples correct

234400 samples correct

234600 samples correct

234800 samples correct

235000 samples correct

235200 samples correct

235400 samples correct

235600 samples correct

235800 samples correct

236000 samples correct

236200 samples correct

236400 samples correct

236600 samples correct

236800 samples correct

237000 samples correct

237200 samples correct

237400 samples correct

237600 samples correct

237800 samples correct

238000 samples correct

238200 samples correct

238400 samples correct

238600 samples correct

238800 samples correct

239000 samples correct

239200 samples correct

239400 samples correct

239600 samples correct

239800 samples correct

240000 samples correct

240200 samples correct

240400 samples correct

240600 samples correct

240800 samples correct

241000 samples correct

241200 samples correct

241400 samples correct

241600 samples correct

241800 samples correct

242000 samples correct

242200 samples correct

242400 samples correct

242600 samples correct

242800 samples correct

243000 samples correct

243200 samples correct

243400 samples correct

243600 samples correct

243800 samples correct

244000 samples correct

244200 samples correct

244400 samples correct

244600 samples correct

244800 samples correct

245000 samples correct

245200 samples correct

245400 samples correct

245600 samples correct

245800 samples correct

246000 samples correct

246200 samples correct

246400 samples correct

246600 samples correct

246800 samples correct

247000 samples correct

247200 samples correct

247400 samples correct

247600 samples correct

247800 samples correct

248000 samples correct

248200 samples correct

248400 samples correct

248600 samples correct

248800 samples correct

249000 samples correct

249200 samples correct

249400 samples correct

249600 samples correct

249800 samples correct

250000 samples correct

250200 samples correct

250400 samples correct

250600 samples correct

250800 samples correct

251000 samples correct

251200 samples correct

251400 samples correct

251600 samples correct

251800 samples correct

252000 samples correct

252200 samples correct

252400 samples correct

252600 samples correct

252800 samples correct

253000 samples correct

253200 samples correct

253400 samples correct

253600 samples correct

253800 samples correct

254000 samples correct

254200 samples correct

254400 samples correct

254600 samples correct

254800 samples correct

255000 samples correct

255200 samples correct

255400 samples correct

255600 samples correct

255800 samples correct

256000 samples correct

256200 samples correct

256400 samples correct

256600 samples correct

256800 samples correct

257000 samples correct

257200 samples correct

257400 samples correct

257600 samples correct

257800 samples correct

258000 samples correct

258200 samples correct

258400 samples correct

258600 samples correct

258800 samples correct

259000 samples correct

259200 samples correct

259400 samples correct

259600 samples correct

259800 samples correct

260000 samples correct

260200 samples correct

260400 samples correct

260600 samples correct

260800 samples correct

261000 samples correct

261200 samples correct

261400 samples correct

261600 samples correct

261800 samples correct

262000 samples correct

262200 samples correct

262400 samples correct

262600 samples correct

262800 samples correct

263000 samples correct

263200 samples correct

263400 samples correct

263600 samples correct

263800 samples correct

264000 samples correct

264200 samples correct

264400 samples correct

264600 samples correct

264800 samples correct

265000 samples correct

265200 samples correct

265400 samples correct

265600 samples correct

265800 samples correct

266000 samples correct

266200 samples correct

266400 samples correct

266600 samples correct

266800 samples correct

267000 samples correct

267200 samples correct

267400 samples correct

267600 samples correct

267800 samples correct

268000 samples correct

268200 samples correct

268400 samples correct

268600 samples correct

268800 samples correct

269000 samples correct

269200 samples correct

269400 samples correct

269600 samples correct

269800 samples correct

270000 samples correct

270200 samples correct

270400 samples correct

270600 samples correct

270800 samples correct

271000 samples correct

271200 samples correct

271400 samples correct

271600 samples correct

271800 samples correct

272000 samples correct

272200 samples correct

272400 samples correct

272600 samples correct

272800 samples correct

273000 samples correct

273200 samples correct

273400 samples correct

273600 samples correct

273800 samples correct

274000 samples correct

274200 samples correct

274400 samples correct

274600 samples correct

274800 samples correct

275000 samples correct

275200 samples correct

275400 samples correct

275600 samples correct

275800 samples correct

276000 samples correct

276200 samples correct

276400 samples correct

276600 samples correct

276800 samples correct

277000 samples correct

277200 samples correct

277400 samples correct

277600 samples correct

277800 samples correct

278000 samples correct

278200 samples correct

278400 samples correct

278600 samples correct

278800 samples correct

279000 samples correct

279200 samples correct

279400 samples correct

279600 samples correct

279800 samples correct

280000 samples correct

280200 samples correct

280400 samples correct

280600 samples correct

280800 samples correct

281000 samples correct

281200 samples correct

281400 samples correct

281600 samples correct

281800 samples correct

282000 samples correct

282200 samples correct

282400 samples correct

282600 samples correct

282800 samples correct

283000 samples correct

283200 samples correct

283400 samples correct

283600 samples correct

283800 samples correct

284000 samples correct

284200 samples correct

284400 samples correct

284600 samples correct

284800 samples correct

285000 samples correct

285200 samples correct

285400 samples correct

285600 samples correct

285800 samples correct

286000 samples correct

286200 samples correct

286400 samples correct

286600 samples correct

286800 samples correct

287000 samples correct

287200 samples correct

287400 samples correct

287600 samples correct

287800 samples correct

288000 samples correct

288200 samples correct

288400 samples correct

288600 samples correct

288800 samples correct

289000 samples correct

289200 samples correct

289400 samples correct

289600 samples correct

289800 samples correct

290000 samples correct

290200 samples correct

290400 samples correct

290600 samples correct

290800 samples correct

291000 samples correct

291200 samples correct

291400 samples correct

291600 samples correct

291800 samples correct

292000 samples correct

292200 samples correct

292400 samples correct

292600 samples correct

292800 samples correct

293000 samples correct

293200 samples correct

293400 samples correct

293600 samples correct

293800 samples correct

294000 samples correct

294200 samples correct

294400 samples correct

294600 samples correct

294800 samples correct

295000 samples correct

295200 samples correct

295400 samples correct

295600 samples correct

295800 samples correct

296000 samples correct

296200 samples correct

296400 samples correct

296600 samples correct

296800 samples correct

297000 samples correct

297200 samples correct

297400 samples correct

297600 sa